<alfresco-config>   

   <plug-ins>
      <element-readers>
         <element-reader element-name="dialogs" class="org.alfresco.web.config.DialogsElementReader"/>
         <element-reader element-name="wizards" class="org.alfresco.web.config.WizardsElementReader"/>
      </element-readers>
   </plug-ins>
   
   <config evaluator="string-compare" condition="Dialogs">
      <dialog-container>/jsp/dialog/container.jsp</dialog-container>

      <dialogs>
         <dialog name="createSpace" page="/jsp/dialog/create-space.jsp" managed-bean="NewSpaceDialog"
                 icon="/images/icons/create_space_large.gif"
                 title-id="create_space_title" subtitle-id="create_space_subtitle"
                 description-id="create_space_description" error-message-id="error_create_space_dialog" 
                 actions-config-id="space-actions" actions-as-menu="true"
                 actions-menu-label-id="actions_menu_label" more-actions-config-id="more-actions"
                 more-actions-menu-label-id="more_actions_menu_label" />
                 
         <dialog name="spaceDetails" page="/jsp/spaces/space-details.jsp" managed-bean="SpaceDetailsDialog"
                 title="Space Details Dialog" subtitle="Space details subtitle"
                 description="Space Details Dialog Decsription" 
                 actions-config-id="space-actions" icon="/images/icons/create_space_large.gif" 
                 actions-menu-label="Create" more-actions-menu-label="More Actions" />
                 
      </dialogs>
   </config>
   
   <config evaluator="string-compare" condition="Wizards">
      <wizard-container>/jsp/wizard/container.jsp</wizard-container>
   
      <wizards>
   
         <!-- example wizard -->
         <wizard  name="exampleWizard" managed-bean="ExampleWizard"
                  icon="/images/icons/example-logo.gif"
                  title="Example Wizard Title" description="Example Wizard Description"
                  subtitle="Example wizard sub title">
            <step name="details" title="Details">
               <page path="/jsp/wizard/example/details.jsp"
                     title="Step Title" description="Step Description"
                     instruction="Step Instruction" />
            </step>      
            <step name="summary" title="Summary">
               <page path="/jsp/wizard/example/summary.jsp"
                     title="Summary Title" description="Summary Description"
                     instruction="Click Finish" />
            </step>
         </wizard>
         
         <!-- Definition of an advanced space wizard  -->
         <wizard name="createSpace" managed-bean="AdvancedSpaceWizard"
                 icon="/images/icons/create_space_large.gif"
                 title-id="advanced_space_details_title"
                 subtitle-id="advanced_space_details_subtitle" 
                 description-id="advanced_space_details_description"
                 error-message-id="error_create_space_wizard">
            <step name="details" title-id="starting_space">
               <page path="/jsp/wizard/new-space/create-from.jsp"
                     title-id="create_space_details_title" 
                     description-id="create_space_details_desc"
                     instruction-id="create_space_details_instruction" />
            </step>
            <step name="properties" title-id="space_options">
               <condition if="#{AdvancedSpaceWizard.createFrom == 'template'}">
                  <page path="/jsp/wizard/new-space/from-template.jsp" 
                        title-id="create_space_template_title" 
                        description-id="create_space_template_desc" 
                        instruction-id="create_space_template_instruction" />
               </condition>
               
               <page path="/jsp/wizard/new-space/from-scratch.jsp" 
                     title-id="create_space_scratch_title" 
                     description-id="create_space_scratch_desc" 
                     instruction-id="create_space_scratch_instruction" />
            </step>
            <step name="summary" title-id="summary">
               <page path="/jsp/wizard/new-space/summary.jsp"
                     title-id="create_space_summary_title" 
                     description-id="create_space_summary_desc" 
                     instruction-id="create_space_summary_instruction" />
            </step>
         </wizard>
      </wizards>
   </config>
   
</alfresco-config>